<?xml version="1.0" encoding="UTF-8"?>
<!-- Generated by org.testng.reporters.JUnitReportReporter -->
<testsuite hostname="DESKTOP-7SET7N0" failures="0" tests="1" name="edu.functionalconcepts.Practice_myntra" time="39.140" errors="0" timestamp="2021-12-11T19:59:27 IST" skipped="0">
  <testcase classname="edu.functionalconcepts.Practice_myntra" name="myntra" time="39.140"/>
  <system-out/>
</testsuite> <!-- edu.functionalconcepts.Practice_myntra -->
