<?xml version="1.0" encoding="UTF-8"?>
<!-- Generated by org.testng.reporters.JUnitReportReporter -->
<testsuite hostname="DESKTOP-7SET7N0" failures="0" tests="1" name="edu.functionalconcepts.Open_MRS_Delete$Open_MRS_update" time="52.844" errors="0" timestamp="28 Dec 2021 13:15:28 GMT" skipped="0">
  <testcase classname="edu.functionalconcepts.Open_MRS_Delete$Open_MRS_update" name="login" time="52.844"/>
</testsuite> <!-- edu.functionalconcepts.Open_MRS_Delete$Open_MRS_update -->
