<?xml version="1.0" encoding="UTF-8"?>
<!-- Generated by org.testng.reporters.JUnitReportReporter -->
<testsuite hostname="DESKTOP-7SET7N0" failures="0" tests="1" name="edu.functionalconcepts.Screenshot" time="45.678" errors="0" timestamp="2021-12-16T22:42:11 IST" skipped="0">
  <testcase classname="edu.functionalconcepts.Screenshot" name="myntra" time="45.678"/>
  <system-out/>
</testsuite> <!-- edu.functionalconcepts.Screenshot -->
