<?xml version="1.0" encoding="UTF-8"?>
<!-- Generated by org.testng.reporters.JUnitReportReporter -->
<testsuite hostname="DESKTOP-7SET7N0" failures="0" tests="1" name="edu.functionalconcepts.Screen" time="26.241" errors="0" timestamp="2021-12-16T22:56:02 IST" skipped="0">
  <testcase classname="edu.functionalconcepts.Screen" name="add" time="26.241"/>
  <system-out/>
</testsuite> <!-- edu.functionalconcepts.Screen -->
