<?xml version="1.0" encoding="UTF-8"?>
<!-- Generated by org.testng.reporters.JUnitReportReporter -->
<testsuite hostname="DESKTOP-7SET7N0" failures="0" tests="1" name="edu.functionalconcepts.WorkingWindow" time="49.490" errors="0" timestamp="2021-12-05T19:57:16 IST" skipped="0">
  <testcase classname="edu.functionalconcepts.WorkingWindow" name="naukri" time="49.490"/>
  <system-out/>
</testsuite> <!-- edu.functionalconcepts.WorkingWindow -->
