<?xml version="1.0" encoding="UTF-8"?>
<!-- Generated by org.testng.reporters.JUnitReportReporter -->
<testsuite hostname="DESKTOP-7SET7N0" failures="0" tests="1" name="edu.functionalconcepts.UseDataFromExcel" time="0.000" errors="0" timestamp="31 Dec 2021 04:43:43 GMT" skipped="1">
  <testcase classname="edu.functionalconcepts.UseDataFromExcel" name="printTestdata" time="0.000">
    <skipped/>
  </testcase> <!-- printTestdata -->
</testsuite> <!-- edu.functionalconcepts.UseDataFromExcel -->
