<?xml version="1.0" encoding="UTF-8"?>
<!-- Generated by org.testng.reporters.JUnitReportReporter -->
<testsuite hostname="DESKTOP-7SET7N0" failures="0" tests="1" name="edu.functionalconcepts.WindowHandlingNaukri" time="60.772" errors="0" timestamp="02 Jan 2022 07:32:00 GMT" skipped="0">
  <testcase classname="edu.functionalconcepts.WindowHandlingNaukri" name="naukri" time="60.772"/>
</testsuite> <!-- edu.functionalconcepts.WindowHandlingNaukri -->
