<?xml version="1.0" encoding="UTF-8"?>
<!-- Generated by org.testng.reporters.JUnitReportReporter -->
<testsuite hostname="DESKTOP-7SET7N0" failures="0" tests="1" name="edu.functionalconcepts.Screen_shot" time="22.656" errors="0" timestamp="2021-12-16T22:39:07 IST" skipped="0">
  <testcase classname="edu.functionalconcepts.Screen_shot" name="add" time="22.656"/>
  <system-out/>
</testsuite> <!-- edu.functionalconcepts.Screen_shot -->
